
Starting 'skidkaest' parser...
 2012-01-15 14:59:35 +0200
Going to city moskva: http://www.skidkaest.ru/city/1/gender/all/type/all
Ignoring existing offer 6446
Ignoring existing offer 7402
Ignoring existing offer 7144
Ignoring existing offer 7021
Ignoring existing offer 6773
Ignoring existing offer 7070
Ignoring existing offer 6926
Ignoring existing offer 6970
Ignoring existing offer 6246
Ignoring existing offer 6245
Ignoring existing offer 6459
Ignoring existing offer 6592
Ignoring existing offer 6588
Ignoring existing offer 6582
Ignoring existing offer 6614
Ignoring existing offer 6609
Ignoring existing offer 6613
Ignoring existing offer 6661
Ignoring existing offer 6669
Ignoring existing offer 6670
Ignoring existing offer 6672
Ignoring existing offer 6671
Ignoring existing offer 6673
Ignoring existing offer 6674
Ignoring existing offer 6683
Ignoring existing offer 6660
Ignoring existing offer 6675
Ignoring existing offer 6676
Ignoring existing offer 6702
Ignoring existing offer 6684
Ignoring existing offer 6689
Ignoring existing offer 6547
Ignoring existing offer 6722
Ignoring existing offer 6719
Ignoring existing offer 6728
Ignoring existing offer 6753
Ignoring existing offer 6770
Ignoring existing offer 6678
Ignoring existing offer 6779
Ignoring existing offer 6754
Ignoring existing offer 6752
Ignoring existing offer 6748
Ignoring existing offer 6782
Ignoring existing offer 6739
Ignoring existing offer 6781
Ignoring existing offer 6740
Ignoring existing offer 6737
Ignoring existing offer 6828
Ignoring existing offer 6836
Ignoring existing offer 6734
Ignoring existing offer 6725
Ignoring existing offer 6780
Ignoring existing offer 6711
Ignoring existing offer 6835
Ignoring existing offer 6804
Ignoring existing offer 6823
Ignoring existing offer 6791
Ignoring existing offer 6875
Ignoring existing offer 6889
Ignoring existing offer 6890
Ignoring existing offer 6895
Ignoring existing offer 6384
Ignoring existing offer 6647
Ignoring existing offer 6723
Ignoring existing offer 6896
Ignoring existing offer 6907
Ignoring existing offer 6891
Ignoring existing offer 6944
Ignoring existing offer 6903
Ignoring existing offer 6911
Ignoring existing offer 6912
Ignoring existing offer 6909
Ignoring existing offer 6915
Ignoring existing offer 6971
Ignoring existing offer 6973
Ignoring existing offer 7011
Ignoring existing offer 7009
Ignoring existing offer 7008
Ignoring existing offer 6599
Ignoring existing offer 6768
Ignoring existing offer 6794
Ignoring existing offer 6928
Ignoring existing offer 6893
Ignoring existing offer 7019
Ignoring existing offer 6991
Ignoring existing offer 7006
Ignoring existing offer 7071
Ignoring existing offer 7075
Ignoring existing offer 7047
Ignoring existing offer 7105
Ignoring existing offer 7097
Ignoring existing offer 6865
Ignoring existing offer 6988
Ignoring existing offer 7020
Ignoring existing offer 6945
Ignoring existing offer 7014
Ignoring existing offer 7064
Ignoring existing offer 7063
Ignoring existing offer 7067
Ignoring existing offer 7115
Ignoring existing offer 7128
Ignoring existing offer 7080
Ignoring existing offer 7078
Ignoring existing offer 7112
Ignoring existing offer 7130
Ignoring existing offer 7081
Ignoring existing offer 7086
Ignoring existing offer 7089
Ignoring existing offer 7129
Ignoring existing offer 7090
Ignoring existing offer 6742
Ignoring existing offer 7108
Ignoring existing offer 7092
Ignoring existing offer 7111
Ignoring existing offer 7094
Ignoring existing offer 7116
Ignoring existing offer 7085
Ignoring existing offer 7072
Ignoring existing offer 5657
Ignoring existing offer 7179
Ignoring existing offer 7174
Ignoring existing offer 7169
Ignoring existing offer 7164
Ignoring existing offer 7163
Ignoring existing offer 7161
Ignoring existing offer 7160
Ignoring existing offer 7159
Ignoring existing offer 7153
Ignoring existing offer 6892
Ignoring existing offer 7150
Ignoring existing offer 7149
Ignoring existing offer 7148
Ignoring existing offer 7151
Ignoring existing offer 7079
Ignoring existing offer 7146
Ignoring existing offer 7143
Ignoring existing offer 7142
Ignoring existing offer 7147
Ignoring existing offer 7157
Ignoring existing offer 7223
Ignoring existing offer 7222
Ignoring existing offer 7220
Ignoring existing offer 7101
Ignoring existing offer 7219
Ignoring existing offer 7216
Ignoring existing offer 7214
Ignoring existing offer 7215
Ignoring existing offer 7213
Ignoring existing offer 7228
Ignoring existing offer 7211
Ignoring existing offer 7209
Ignoring existing offer 7201
Ignoring existing offer 7194
Ignoring existing offer 7193
Ignoring existing offer 7191
Ignoring existing offer 7190
Ignoring existing offer 7259
Ignoring existing offer 7258
Ignoring existing offer 7182
Ignoring existing offer 6832
Ignoring existing offer 7212
Ignoring existing offer 7195
Ignoring existing offer 7005
Ignoring existing offer 7275
Ignoring existing offer 7269
Ignoring existing offer 6876
Ignoring existing offer 6690
Ignoring existing offer 5586
Ignoring existing offer 6698
Ignoring existing offer 6693
Ignoring existing offer 6694
Ignoring existing offer 6695
Ignoring existing offer 6757
Ignoring existing offer 7057
Ignoring existing offer 7226
Ignoring existing offer 7165
Ignoring existing offer 7238
Ignoring existing offer 7155
Ignoring existing offer 6776
Ignoring existing offer 6777
Ignoring existing offer 6700
Ignoring existing offer 6701
Ignoring existing offer 6771
Ignoring existing offer 6758
Ignoring existing offer 6760
Ignoring existing offer 6769
Ignoring existing offer 7126
Ignoring existing offer 7289
Ignoring existing offer 7096
Ignoring existing offer 7156
Ignoring existing offer 7016
Ignoring existing offer 7104
Ignoring existing offer 7060
Ignoring existing offer 6774
Ignoring existing offer 7154
Ignoring existing offer 6775
Ignoring existing offer 6927
Ignoring existing offer 7152
Ignoring existing offer 6929
Ignoring existing offer 7113
Ignoring existing offer 7118
Ignoring existing offer 7119
Ignoring existing offer 7120
Ignoring existing offer 7122
Ignoring existing offer 7123
Ignoring existing offer 7124
Ignoring existing offer 7224
Ignoring existing offer 7230
Ignoring existing offer 7231
Ignoring existing offer 7059
Ignoring existing offer 7232
Ignoring existing offer 7235
Ignoring existing offer 7237
Ignoring existing offer 7225
Ignoring existing offer 6607
Going to crawl offer: http://www.skidkaest.ru/offers/index/view/id/7062
saving offer: 
 7062
Going to crawl offer: http://www.skidkaest.ru/offers/index/view/id/7107
saving offer: 
 7107
Going to crawl offer: http://www.skidkaest.ru/offers/index/view/id/7233
saving offer: 
 7233
Going to crawl offer: http://www.skidkaest.ru/offers/index/view/id/7221
saving offer: 
 7221
Going to crawl offer: http://www.skidkaest.ru/offers/index/view/id/6834
saving offer: 
 6834
Going to crawl offer: http://www.skidkaest.ru/offers/index/view/id/7241
saving offer: 
 7241
Going to crawl offer: http://www.skidkaest.ru/offers/index/view/id/7239
saving offer: 
 7239
Going to crawl offer: http://www.skidkaest.ru/offers/index/view/id/7171
saving offer: 
 7171
Going to crawl offer: http://www.skidkaest.ru/offers/index/view/id/7246
saving offer: 
 7246
Going to crawl offer: http://www.skidkaest.ru/offers/index/view/id/7286
saving offer: 
 7286
Going to crawl offer: http://www.skidkaest.ru/offers/index/view/id/6164
saving offer: 
 6164
Going to crawl offer: http://www.skidkaest.ru/offers/index/view/id/7314
saving offer: 
 7314
Going to crawl offer: http://www.skidkaest.ru/offers/index/view/id/7310
saving offer: 
 7310
Going to crawl offer: http://www.skidkaest.ru/offers/index/view/id/7307
saving offer: 
 7307
Going to crawl offer: http://www.skidkaest.ru/offers/index/view/id/7306
saving offer: 
 7306
Going to crawl offer: http://www.skidkaest.ru/offers/index/view/id/7312
saving offer: 
 7312
Going to crawl offer: http://www.skidkaest.ru/offers/index/view/id/7297
saving offer: 
 7297
Going to crawl offer: http://www.skidkaest.ru/offers/index/view/id/7316
saving offer: 
 7316
Going to crawl offer: http://www.skidkaest.ru/offers/index/view/id/7315
saving offer: 
 7315
Going to crawl offer: http://www.skidkaest.ru/offers/index/view/id/7313
saving offer: 
 7313
Going to crawl offer: http://www.skidkaest.ru/offers/index/view/id/7311
saving offer: 
 7311
Going to crawl offer: http://www.skidkaest.ru/offers/index/view/id/7309
saving offer: 
 7309
Going to crawl offer: http://www.skidkaest.ru/offers/index/view/id/7217
saving offer: 
 7217
Going to crawl offer: http://www.skidkaest.ru/offers/index/view/id/7266
saving offer: 
 7266
Going to crawl offer: http://www.skidkaest.ru/offers/index/view/id/7304
saving offer: 
 7304
Going to crawl offer: http://www.skidkaest.ru/offers/index/view/id/7302
saving offer: 
 7302
Going to crawl offer: http://www.skidkaest.ru/offers/index/view/id/7298
saving offer: 
 7298
Going to crawl offer: http://www.skidkaest.ru/offers/index/view/id/7296
saving offer: 
 7296
Going to crawl offer: http://www.skidkaest.ru/offers/index/view/id/7294
saving offer: 
 7294
Going to crawl offer: http://www.skidkaest.ru/offers/index/view/id/7363
saving offer: 
 7363
Going to crawl offer: http://www.skidkaest.ru/offers/index/view/id/7355
saving offer: 
 7355
Going to crawl offer: http://www.skidkaest.ru/offers/index/view/id/7354
saving offer: 
 7354
Going to crawl offer: http://www.skidkaest.ru/offers/index/view/id/7344
saving offer: 
 7344
Going to crawl offer: http://www.skidkaest.ru/offers/index/view/id/7374
saving offer: 
 7374
Going to crawl offer: http://www.skidkaest.ru/offers/index/view/id/7361
saving offer: 
 7361
Going to crawl offer: http://www.skidkaest.ru/offers/index/view/id/7336
saving offer: 
 7336
Going to crawl offer: http://www.skidkaest.ru/offers/index/view/id/7364
saving offer: 
 7364
Going to crawl offer: http://www.skidkaest.ru/offers/index/view/id/7358
saving offer: 
 7358
Going to crawl offer: http://www.skidkaest.ru/offers/index/view/id/7343
saving offer: 
 7343
Going to crawl offer: http://www.skidkaest.ru/offers/index/view/id/7299
saving offer: 
 7299
Going to crawl offer: http://www.skidkaest.ru/offers/index/view/id/7180
saving offer: 
 7180
Going to crawl offer: http://www.skidkaest.ru/offers/index/view/id/7340
saving offer: 
 7340
Going to crawl offer: http://www.skidkaest.ru/offers/index/view/id/7337
saving offer: 
 7337
Going to crawl offer: http://www.skidkaest.ru/offers/index/view/id/7317
saving offer: 
 7317
Going to crawl offer: http://www.skidkaest.ru/offers/index/view/id/7375
saving offer: 
 7375
Going to crawl offer: http://www.skidkaest.ru/offers/index/view/id/7399
saving offer: 
 7399
Going to crawl offer: http://www.skidkaest.ru/offers/index/view/id/7403
saving offer: 
 7403
Going to crawl offer: http://www.skidkaest.ru/offers/index/view/id/7397
saving offer: 
 7397
Going to crawl offer: http://www.skidkaest.ru/offers/index/view/id/7409
saving offer: 
 7409
Going to crawl offer: http://www.skidkaest.ru/offers/index/view/id/7407
saving offer: 
 7407
Going to crawl offer: http://www.skidkaest.ru/offers/index/view/id/7406
saving offer: 
 7406
Going to crawl offer: http://www.skidkaest.ru/offers/index/view/id/7408
saving offer: 
 7408
Going to crawl offer: http://www.skidkaest.ru/offers/index/view/id/7357
saving offer: 
 7357
Going to crawl offer: http://www.skidkaest.ru/offers/index/view/id/7396
saving offer: 
 7396
Going to crawl offer: http://www.skidkaest.ru/offers/index/view/id/7388
saving offer: 
 7388
Going to crawl offer: http://www.skidkaest.ru/offers/index/view/id/7395
saving offer: 
 7395
Going to crawl offer: http://www.skidkaest.ru/offers/index/view/id/7405
saving offer: 
 7405
Going to crawl offer: http://www.skidkaest.ru/offers/index/view/id/6959
saving offer: 
 6959
Going to crawl offer: http://www.skidkaest.ru/offers/index/view/id/7390
saving offer: 
 7390
Going to crawl offer: http://www.skidkaest.ru/offers/index/view/id/7448
saving offer: 
 7448
Going to crawl offer: http://www.skidkaest.ru/offers/index/view/id/7446
saving offer: 
 7446
Going to crawl offer: http://www.skidkaest.ru/offers/index/view/id/7430
saving offer: 
 7430
Going to crawl offer: http://www.skidkaest.ru/offers/index/view/id/7418
saving offer: 
 7418
Going to crawl offer: http://www.skidkaest.ru/offers/index/view/id/7429
saving offer: 
 7429
Going to crawl offer: http://www.skidkaest.ru/offers/index/view/id/7360
saving offer: 
 7360
Going to crawl offer: http://www.skidkaest.ru/offers/index/view/id/6751
saving offer: 
 6751
Going to crawl offer: http://www.skidkaest.ru/offers/index/view/id/7339
saving offer: 
 7339
Going to crawl offer: http://www.skidkaest.ru/offers/index/view/id/6596
saving offer: 
 6596
Going to crawl offer: http://www.skidkaest.ru/offers/index/view/id/6968
saving offer: 
 6968
Going to crawl offer: http://www.skidkaest.ru/offers/index/view/id/6910
saving offer: 
 6910
Going to crawl offer: http://www.skidkaest.ru/offers/index/view/id/7125
saving offer: 
 7125
Going to crawl offer: http://www.skidkaest.ru/offers/index/view/id/7145
saving offer: 
 7145
Going to delete expired offers: 4552145,4552148,4552165,4552154,4552159
Expired total: 5
FINISHED parsing city moskva. 72 offers were saved to db. 5 offers are expired and were deleted
Going to city sankt-peterburg: http://www.skidkaest.ru/city/2/gender/all/type/all
Going to crawl offer: http://www.skidkaest.ru/offers/index/view/id/6623
saving offer: 
 6623
Going to crawl offer: http://www.skidkaest.ru/offers/index/view/id/7402
can't save invalid offer: 
 Provided translation missing: ru.activerecord.errors.models.offer.attributes.provided_id.taken
Going to crawl offer: http://www.skidkaest.ru/offers/index/view/id/6589
saving offer: 
 6589
Going to crawl offer: http://www.skidkaest.ru/offers/index/view/id/6764
saving offer: 
 6764
Going to crawl offer: http://www.skidkaest.ru/offers/index/view/id/6763
saving offer: 
 6763
Going to crawl offer: http://www.skidkaest.ru/offers/index/view/id/6431
saving offer: 
 6431
Going to crawl offer: http://www.skidkaest.ru/offers/index/view/id/6952
saving offer: 
 6952
Going to crawl offer: http://www.skidkaest.ru/offers/index/view/id/7335
saving offer: 
 7335
Going to crawl offer: http://www.skidkaest.ru/offers/index/view/id/7342
saving offer: 
 7342
Going to crawl offer: http://www.skidkaest.ru/offers/index/view/id/6688
saving offer: 
 6688
Going to crawl offer: http://www.skidkaest.ru/offers/index/view/id/6840
saving offer: 
 6840
Going to crawl offer: http://www.skidkaest.ru/offers/index/view/id/6930
saving offer: 
 6930
Going to crawl offer: http://www.skidkaest.ru/offers/index/view/id/6380
saving offer: 
 6380
Going to crawl offer: http://www.skidkaest.ru/offers/index/view/id/6407
saving offer: 
 6407
Going to crawl offer: http://www.skidkaest.ru/offers/index/view/id/6382
saving offer: 
 6382
Going to crawl offer: http://www.skidkaest.ru/offers/index/view/id/6371
saving offer: 
 6371
Going to crawl offer: http://www.skidkaest.ru/offers/index/view/id/6486
saving offer: 
 6486
Going to crawl offer: http://www.skidkaest.ru/offers/index/view/id/6638
saving offer: 
 6638
Going to crawl offer: http://www.skidkaest.ru/offers/index/view/id/6705
saving offer: 
 6705
Going to crawl offer: http://www.skidkaest.ru/offers/index/view/id/6755
saving offer: 
 6755
Going to crawl offer: http://www.skidkaest.ru/offers/index/view/id/6719
can't save invalid offer: 
 Provided translation missing: ru.activerecord.errors.models.offer.attributes.provided_id.taken
Going to crawl offer: http://www.skidkaest.ru/offers/index/view/id/6710
saving offer: 
 6710
Going to crawl offer: http://www.skidkaest.ru/offers/index/view/id/6708
saving offer: 
 6708
Going to crawl offer: http://www.skidkaest.ru/offers/index/view/id/6779
can't save invalid offer: 
 Provided translation missing: ru.activerecord.errors.models.offer.attributes.provided_id.taken
Going to crawl offer: http://www.skidkaest.ru/offers/index/view/id/6828
can't save invalid offer: 
 Provided translation missing: ru.activerecord.errors.models.offer.attributes.provided_id.taken
Going to crawl offer: http://www.skidkaest.ru/offers/index/view/id/6843
saving offer: 
 6843
Going to crawl offer: http://www.skidkaest.ru/offers/index/view/id/6842
saving offer: 
 6842
Going to crawl offer: http://www.skidkaest.ru/offers/index/view/id/6841
saving offer: 
 6841
Going to crawl offer: http://www.skidkaest.ru/offers/index/view/id/6823
can't save invalid offer: 
 Provided translation missing: ru.activerecord.errors.models.offer.attributes.provided_id.taken
Going to crawl offer: http://www.skidkaest.ru/offers/index/view/id/6811
saving offer: 
 6811
Going to crawl offer: http://www.skidkaest.ru/offers/index/view/id/6731
saving offer: 
 6731
Going to crawl offer: http://www.skidkaest.ru/offers/index/view/id/6950
saving offer: 
 6950
Going to crawl offer: http://www.skidkaest.ru/offers/index/view/id/6703
saving offer: 
 6703
Going to crawl offer: http://www.skidkaest.ru/offers/index/view/id/2901
saving offer: 
 2901
Going to crawl offer: http://www.skidkaest.ru/offers/index/view/id/6897
saving offer: 
 6897
Going to crawl offer: http://www.skidkaest.ru/offers/index/view/id/6647
can't save invalid offer: 
 Provided translation missing: ru.activerecord.errors.models.offer.attributes.provided_id.taken
Going to crawl offer: http://www.skidkaest.ru/offers/index/view/id/6617
saving offer: 
 6617
Going to crawl offer: http://www.skidkaest.ru/offers/index/view/id/6534
saving offer: 
 6534
Going to crawl offer: http://www.skidkaest.ru/offers/index/view/id/6975
saving offer: 
 6975
Going to crawl offer: http://www.skidkaest.ru/offers/index/view/id/6839
saving offer: 
 6839
Going to crawl offer: http://www.skidkaest.ru/offers/index/view/id/6932
saving offer: 
 6932
Going to crawl offer: http://www.skidkaest.ru/offers/index/view/id/6939
saving offer: 
 6939
Going to crawl offer: http://www.skidkaest.ru/offers/index/view/id/6768
can't save invalid offer: 
 Provided translation missing: ru.activerecord.errors.models.offer.attributes.provided_id.taken
Going to crawl offer: http://www.skidkaest.ru/offers/index/view/id/6794
can't save invalid offer: 
 Provided translation missing: ru.activerecord.errors.models.offer.attributes.provided_id.taken
Going to crawl offer: http://www.skidkaest.ru/offers/index/view/id/7019
can't save invalid offer: 
 Provided translation missing: ru.activerecord.errors.models.offer.attributes.provided_id.taken
Going to crawl offer: http://www.skidkaest.ru/offers/index/view/id/6865
can't save invalid offer: 
 Provided translation missing: ru.activerecord.errors.models.offer.attributes.provided_id.taken
Going to crawl offer: http://www.skidkaest.ru/offers/index/view/id/6988
can't save invalid offer: 
 Provided translation missing: ru.activerecord.errors.models.offer.attributes.provided_id.taken
Going to crawl offer: http://www.skidkaest.ru/offers/index/view/id/7020
can't save invalid offer: 
 Provided translation missing: ru.activerecord.errors.models.offer.attributes.provided_id.taken
Going to crawl offer: http://www.skidkaest.ru/offers/index/view/id/6942
saving offer: 
 6942
Going to crawl offer: http://www.skidkaest.ru/offers/index/view/id/6953
saving offer: 
 6953
Going to crawl offer: http://www.skidkaest.ru/offers/index/view/id/7029
saving offer: 
 7029
Going to crawl offer: http://www.skidkaest.ru/offers/index/view/id/7000
saving offer: 
 7000
Going to crawl offer: http://www.skidkaest.ru/offers/index/view/id/7112
can't save invalid offer: 
 Provided translation missing: ru.activerecord.errors.models.offer.attributes.provided_id.taken
Going to crawl offer: http://www.skidkaest.ru/offers/index/view/id/6941
saving offer: 
 6941
Going to crawl offer: http://www.skidkaest.ru/offers/index/view/id/7134
saving offer: 
 7134
Going to crawl offer: http://www.skidkaest.ru/offers/index/view/id/6949
saving offer: 
 6949
Going to crawl offer: http://www.skidkaest.ru/offers/index/view/id/6742
can't save invalid offer: 
 Provided translation missing: ru.activerecord.errors.models.offer.attributes.provided_id.taken
Going to crawl offer: http://www.skidkaest.ru/offers/index/view/id/7088
saving offer: 
 7088
Going to crawl offer: http://www.skidkaest.ru/offers/index/view/id/7087
saving offer: 
 7087
Going to crawl offer: http://www.skidkaest.ru/offers/index/view/id/7072
can't save invalid offer: 
 Provided translation missing: ru.activerecord.errors.models.offer.attributes.provided_id.taken
Going to crawl offer: http://www.skidkaest.ru/offers/index/view/id/7079
can't save invalid offer: 
 Provided translation missing: ru.activerecord.errors.models.offer.attributes.provided_id.taken
Going to crawl offer: http://www.skidkaest.ru/offers/index/view/id/7137
saving offer: 
 7137
Going to crawl offer: http://www.skidkaest.ru/offers/index/view/id/6985
saving offer: 
 6985
Going to crawl offer: http://www.skidkaest.ru/offers/index/view/id/7157
can't save invalid offer: 
 Provided translation missing: ru.activerecord.errors.models.offer.attributes.provided_id.taken
Going to crawl offer: http://www.skidkaest.ru/offers/index/view/id/7138
saving offer: 
 7138
Going to crawl offer: http://www.skidkaest.ru/offers/index/view/id/6951
saving offer: 
 6951
Going to crawl offer: http://www.skidkaest.ru/offers/index/view/id/7101
can't save invalid offer: 
 Provided translation missing: ru.activerecord.errors.models.offer.attributes.provided_id.taken
Going to crawl offer: http://www.skidkaest.ru/offers/index/view/id/7158
saving offer: 
 7158
Going to crawl offer: http://www.skidkaest.ru/offers/index/view/id/7216
can't save invalid offer: 
 Provided translation missing: ru.activerecord.errors.models.offer.attributes.provided_id.taken
Going to crawl offer: http://www.skidkaest.ru/offers/index/view/id/6860
saving offer: 
 6860
Going to crawl offer: http://www.skidkaest.ru/offers/index/view/id/6954
saving offer: 
 6954
Going to crawl offer: http://www.skidkaest.ru/offers/index/view/id/7162
saving offer: 
 7162
Going to crawl offer: http://www.skidkaest.ru/offers/index/view/id/7228
can't save invalid offer: 
 Provided translation missing: ru.activerecord.errors.models.offer.attributes.provided_id.taken
Going to crawl offer: http://www.skidkaest.ru/offers/index/view/id/7182
can't save invalid offer: 
 Provided translation missing: ru.activerecord.errors.models.offer.attributes.provided_id.taken
Going to crawl offer: http://www.skidkaest.ru/offers/index/view/id/7176
saving offer: 
 7176
Going to crawl offer: http://www.skidkaest.ru/offers/index/view/id/7166
saving offer: 
 7166
Going to crawl offer: http://www.skidkaest.ru/offers/index/view/id/7168
saving offer: 
 7168
Going to crawl offer: http://www.skidkaest.ru/offers/index/view/id/7139
saving offer: 
 7139
Going to crawl offer: http://www.skidkaest.ru/offers/index/view/id/7165
can't save invalid offer: 
 Provided translation missing: ru.activerecord.errors.models.offer.attributes.provided_id.taken
Going to crawl offer: http://www.skidkaest.ru/offers/index/view/id/7016
can't save invalid offer: 
 Provided translation missing: ru.activerecord.errors.models.offer.attributes.provided_id.taken
Going to crawl offer: http://www.skidkaest.ru/offers/index/view/id/7059
can't save invalid offer: 
 Provided translation missing: ru.activerecord.errors.models.offer.attributes.provided_id.taken
Going to crawl offer: http://www.skidkaest.ru/offers/index/view/id/7062
can't save invalid offer: 
 Provided translation missing: ru.activerecord.errors.models.offer.attributes.provided_id.taken
Going to crawl offer: http://www.skidkaest.ru/offers/index/view/id/7107
can't save invalid offer: 
 Provided translation missing: ru.activerecord.errors.models.offer.attributes.provided_id.taken
Going to crawl offer: http://www.skidkaest.ru/offers/index/view/id/7171
can't save invalid offer: 
 Provided translation missing: ru.activerecord.errors.models.offer.attributes.provided_id.taken
Going to crawl offer: http://www.skidkaest.ru/offers/index/view/id/7326
saving offer: 
 7326
Going to crawl offer: http://www.skidkaest.ru/offers/index/view/id/7330
saving offer: 
 7330
Going to crawl offer: http://www.skidkaest.ru/offers/index/view/id/7304
can't save invalid offer: 
 Provided translation missing: ru.activerecord.errors.models.offer.attributes.provided_id.taken
Going to crawl offer: http://www.skidkaest.ru/offers/index/view/id/7318
saving offer: 
 7318
Going to crawl offer: http://www.skidkaest.ru/offers/index/view/id/7355
can't save invalid offer: 
 Provided translation missing: ru.activerecord.errors.models.offer.attributes.provided_id.taken
Going to crawl offer: http://www.skidkaest.ru/offers/index/view/id/7321
saving offer: 
 7321
Going to crawl offer: http://www.skidkaest.ru/offers/index/view/id/7362
saving offer: 
 7362
Going to crawl offer: http://www.skidkaest.ru/offers/index/view/id/7320
saving offer: 
 7320
Going to crawl offer: http://www.skidkaest.ru/offers/index/view/id/7409
can't save invalid offer: 
 Provided translation missing: ru.activerecord.errors.models.offer.attributes.provided_id.taken
Going to crawl offer: http://www.skidkaest.ru/offers/index/view/id/7331
saving offer: 
 7331
Going to crawl offer: http://www.skidkaest.ru/offers/index/view/id/7388
can't save invalid offer: 
 Provided translation missing: ru.activerecord.errors.models.offer.attributes.provided_id.taken
Going to crawl offer: http://www.skidkaest.ru/offers/index/view/id/7410
